<?xml version="1.0" encoding="UTF-8"?>
<!-- Generated by org.testng.reporters.JUnitReportReporter -->
<testsuite hostname="IN-C5KRXM3" failures="0" tests="3" name="Runner.Runner" time="172.490" errors="0" timestamp="12 Nov 2022 18:06:24 GMT" skipped="0">
  <testcase classname="Runner.Runner" name="feature" time="62.484"/>
  <testcase classname="Runner.Runner" name="feature" time="53.712"/>
  <testcase classname="Runner.Runner" name="feature" time="56.294"/>
</testsuite> <!-- Runner.Runner -->
